<?xml version="1.0" encoding="UTF-8"?>
<testsuite xmlns:xsi="http://www.w3.org/2001/XMLSchema-instance" xsi:noNamespaceSchemaLocation="https://maven.apache.org/surefire/maven-surefire-plugin/xsd/surefire-test-report.xsd" version="3.0.2" name="fr.univrouen.rss25SB.Rss25SbApplicationTests" time="1.976" tests="1" errors="0" skipped="0" failures="0">
  <properties>
[...]
</properties>
  <testcase name="contextLoads" classname="fr.univrouen.rss25SB.Rss25SbApplicationTests" time="0.782">
    <system-out><![CDATA[14:06:13.626 [main] INFO org.springframework.test.context.support.AnnotationConfigContextLoaderUtils -- Could not detect default configuration classes for test class [fr.univrouen.rss25SB.Rss25SbApplicationTests]: Rss25SbApplicationTests does not declare any static, non-private, non-final, nested classes annotated with @Configuration.
14:06:13.730 [main] INFO org.springframework.boot.test.context.SpringBootTestContextBootstrapper -- Found @SpringBootConfiguration fr.univrouen.rss25SB.Rss25SbApplication for test class fr.univrouen.rss25SB.Rss25SbApplicationTests

  .   ____          _            __ _ _
 /\\ / ___'_ __ _ _(_)_ __  __ _ \ \ \ \
( ( )\___ | '_ | '_| | '_ \/ _` | \ \ \ \
 \\/  ___)| |_)| | | | | || (_| |  ) ) ) )
  '  |____| .__|_| |_|_| |_\__, | / / / /
 =========|_|==============|___/=/_/_/_/

 :: Spring Boot ::       (v3.5.0-SNAPSHOT)

2025-04-28T14:06:14.200+02:00  INFO 82485 --- [rss25SB] [           main] f.u.rss25SB.Rss25SbApplicationTests      : Starting Rss25SbApplicationTests using Java 21.0.6 with PID 82485 (started by mahad in /home/mahad/Bureau/rss25SB)
2025-04-28T14:06:14.201+02:00  INFO 82485 --- [rss25SB] [           main] f.u.rss25SB.Rss25SbApplicationTests      : No active profile set, falling back to 1 default profile: "default"
2025-04-28T14:06:14.642+02:00  INFO 82485 --- [rss25SB] [           main] f.u.rss25SB.Rss25SbApplicationTests      : Started Rss25SbApplicationTests in 0.764 seconds (process running for 1.687)
]]></system-out>
    <system-err><![CDATA[Mockito is currently self-attaching to enable the inline-mock-maker. This will no longer work in future releases of the JDK. Please add Mockito as an agent to your build as described in Mockito's documentation: https://javadoc.io/doc/org.mockito/mockito-core/latest/org.mockito/org/mockito/Mockito.html#0.3
WARNING: A Java agent has been loaded dynamically (/home/mahad/.m2/repository/net/bytebuddy/byte-buddy-agent/1.17.5/byte-buddy-agent-1.17.5.jar)
WARNING: If a serviceability tool is in use, please run with -XX:+EnableDynamicAgentLoading to hide this warning
WARNING: If a serviceability tool is not in use, please run with -Djdk.instrument.traceUsage for more information
WARNING: Dynamic loading of agents will be disallowed by default in a future release
]]></system-err>
  </testcase>
</testsuite>